{
  "RSpec": {
    "coverage": {
      "/Users/pat/Projects/life/spec/features/activities/users_can_see_all_activities_spec.rb": [
        1,
        null,
        1,
        1,
        1,
        1,
        null,
        1,
        1,
        1,
        null,
        1,
        1,
        1,
        null,
        1,
        null,
        1,
        1,
        1,
        null,
        null
      ],
      "/Users/pat/Projects/life/spec/features/users/user_admin_can_delete_spec.rb": [
        1,
        null,
        1,
        1,
        1,
        1,
        null,
        null,
        null,
        1,
        null,
        1,
        1,
        null,
        null,
        null,
        1,
        1,
        1,
        null,
        null,
        null,
        1,
        null,
        1,
        null,
        1,
        1,
        null,
        null,
        null,
        null
      ],
      "/Users/pat/Projects/life/spec/features/users/user_authentication_spec.rb": [
        1,
        null,
        1,
        1,
        1,
        1,
        null,
        1,
        1,
        null,
        1,
        1,
        null,
        1,
        null,
        1,
        null,
        null,
        1,
        1,
        null,
        null,
        1,
        null,
        1,
        1,
        null,
        1,
        1,
        null,
        1,
        null,
        1,
        null,
        null
      ],
      "/Users/pat/Projects/life/spec/features/users/user_login_spec.rb": [
        1,
        null,
        1,
        1,
        1,
        null,
        1,
        null,
        1,
        null,
        1,
        1,
        1,
        null,
        1,
        null,
        1,
        null,
        1,
        1,
        null,
        1,
        1,
        null,
        1,
        null,
        1,
        null,
        1,
        1,
        1,
        null,
        1,
        null,
        1,
        1,
        null,
        null,
        null
      ],
      "/Users/pat/Projects/life/spec/features/users/user_logout_spec.rb": [
        1,
        null,
        1,
        1,
        1,
        null,
        1,
        null,
        1,
        null,
        1,
        1,
        1,
        null,
        1,
        null,
        1,
        null,
        1,
        1,
        1,
        1,
        null,
        null
      ],
      "/Users/pat/Projects/life/spec/models/activity_spec.rb": [
        1,
        null,
        1,
        1,
        2,
        2,
        2,
        null,
        null
      ],
      "/Users/pat/Projects/life/app/models/activity.rb": [
        1,
        null,
        1,
        1,
        1,
        null
      ],
      "/Users/pat/Projects/life/app/models/application_record.rb": [
        1,
        1,
        null
      ],
      "/Users/pat/Projects/life/spec/models/user_spec.rb": [
        1,
        null,
        1,
        1,
        2,
        2,
        2,
        1,
        1,
        1,
        null,
        1,
        null,
        null,
        1,
        1,
        1,
        null,
        null,
        null,
        1,
        1,
        null,
        null,
        1,
        1,
        null,
        null,
        null,
        1,
        1,
        null,
        null,
        null
      ],
      "/Users/pat/Projects/life/app/models/user.rb": [
        null,
        1,
        1,
        1,
        null,
        1,
        1,
        null,
        null
      ],
      "/Users/pat/Projects/life/app/controllers/sessions_controller.rb": [
        1,
        1,
        null,
        1,
        8,
        8,
        7,
        7,
        7,
        null,
        1,
        1,
        null,
        null,
        null,
        1,
        1,
        1,
        null,
        null,
        null
      ],
      "/Users/pat/Projects/life/app/controllers/application_controller.rb": [
        1,
        1,
        null,
        1,
        null,
        1,
        20,
        null,
        null,
        1,
        8,
        null,
        null
      ],
      "/Users/pat/Projects/life/app/controllers/users_controller.rb": [
        1,
        1,
        2,
        null,
        null,
        1,
        8,
        null,
        null,
        null,
        1,
        2,
        2,
        1,
        1,
        null,
        1,
        null,
        null,
        null,
        1,
        null,
        1,
        2,
        null,
        null
      ],
      "/Users/pat/Projects/life/app/controllers/activities_controller.rb": [
        1,
        null,
        1,
        1,
        null,
        null,
        1,
        1,
        null,
        null,
        null,
        null
      ],
      "/Users/pat/Projects/life/app/controllers/admin/activities_controller.rb": [
        1,
        1,
        3,
        null,
        null,
        1,
        1,
        null,
        null,
        1,
        1,
        1,
        1,
        1,
        null,
        null,
        1,
        1,
        null,
        null
      ],
      "/Users/pat/Projects/life/app/controllers/admin/base_controller.rb": [
        1,
        1,
        null,
        1,
        8,
        null,
        null,
        null
      ],
      "/Users/pat/Projects/life/app/controllers/admin/users_controller.rb": [
        1,
        1,
        null,
        null,
        null,
        null
      ],
      "/Users/pat/Projects/life/app/controllers/welcome_controller.rb": [
        null,
        null,
        1,
        1,
        null,
        null,
        null
      ]
    },
    "timestamp": 1535939708
  }
}
